[35m[1mScanning dependencies of target _gestelt_msgs_generate_messages_check_deps_CommanderState[0m
[  0%] Built target _gestelt_msgs_generate_messages_check_deps_CommanderState
[35m[1mScanning dependencies of target _gestelt_msgs_generate_messages_check_deps_Goals[0m
[  0%] Built target _gestelt_msgs_generate_messages_check_deps_Goals
[35m[1mScanning dependencies of target std_msgs_generate_messages_lisp[0m
[  0%] Built target std_msgs_generate_messages_lisp
[35m[1mScanning dependencies of target geometry_msgs_generate_messages_lisp[0m
[  0%] Built target geometry_msgs_generate_messages_lisp
[35m[1mScanning dependencies of target _gestelt_msgs_generate_messages_check_deps_CommanderCommand[0m
[  0%] Built target _gestelt_msgs_generate_messages_check_deps_CommanderCommand
[35m[1mScanning dependencies of target std_msgs_generate_messages_eus[0m
[  0%] Built target std_msgs_generate_messages_eus
[35m[1mScanning dependencies of target geometry_msgs_generate_messages_eus[0m
[35m[1mScanning dependencies of target geometry_msgs_generate_messages_nodejs[0m
[  0%] Built target geometry_msgs_generate_messages_eus
[  0%] Built target geometry_msgs_generate_messages_nodejs
[35m[1mScanning dependencies of target std_msgs_generate_messages_nodejs[0m
[35m[1mScanning dependencies of target geometry_msgs_generate_messages_cpp[0m
[  0%] Built target std_msgs_generate_messages_nodejs
[  0%] Built target geometry_msgs_generate_messages_cpp
[35m[1mScanning dependencies of target std_msgs_generate_messages_cpp[0m
[  0%] Built target std_msgs_generate_messages_cpp
[35m[1mScanning dependencies of target geometry_msgs_generate_messages_py[0m
[  0%] Built target geometry_msgs_generate_messages_py
[35m[1mScanning dependencies of target std_msgs_generate_messages_py[0m
[  0%] Built target std_msgs_generate_messages_py
[35m[1mScanning dependencies of target gestelt_msgs_generate_messages_lisp[0m
[  5%] [34m[1mGenerating Lisp code from gestelt_msgs/CommanderCommand.msg[0m
[ 11%] [34m[1mGenerating Lisp code from gestelt_msgs/CommanderState.msg[0m
[ 17%] [34m[1mGenerating Lisp code from gestelt_msgs/Goals.msg[0m
[35m[1mScanning dependencies of target gestelt_msgs_generate_messages_eus[0m
[ 23%] [34m[1mGenerating EusLisp code from gestelt_msgs/CommanderCommand.msg[0m
[ 29%] [34m[1mGenerating EusLisp code from gestelt_msgs/CommanderState.msg[0m
[ 29%] Built target gestelt_msgs_generate_messages_lisp
[ 35%] [34m[1mGenerating EusLisp code from gestelt_msgs/Goals.msg[0m
[ 41%] [34m[1mGenerating EusLisp manifest code for gestelt_msgs[0m
[ 41%] Built target gestelt_msgs_generate_messages_eus
[35m[1mScanning dependencies of target gestelt_msgs_generate_messages_nodejs[0m
[ 47%] [34m[1mGenerating Javascript code from gestelt_msgs/CommanderCommand.msg[0m
[ 52%] [34m[1mGenerating Javascript code from gestelt_msgs/CommanderState.msg[0m
[ 58%] [34m[1mGenerating Javascript code from gestelt_msgs/Goals.msg[0m
[ 58%] Built target gestelt_msgs_generate_messages_nodejs
[35m[1mScanning dependencies of target gestelt_msgs_generate_messages_cpp[0m
[ 64%] [34m[1mGenerating C++ code from gestelt_msgs/CommanderCommand.msg[0m
[ 70%] [34m[1mGenerating C++ code from gestelt_msgs/CommanderState.msg[0m
[ 76%] [34m[1mGenerating C++ code from gestelt_msgs/Goals.msg[0m
[35m[1mScanning dependencies of target gestelt_msgs_generate_messages_py[0m
[ 82%] [34m[1mGenerating Python from MSG gestelt_msgs/CommanderCommand[0m
[ 88%] [34m[1mGenerating Python from MSG gestelt_msgs/CommanderState[0m
[ 94%] [34m[1mGenerating Python from MSG gestelt_msgs/Goals[0m
[ 94%] Built target gestelt_msgs_generate_messages_cpp
[100%] [34m[1mGenerating Python msg __init__.py for gestelt_msgs[0m
[100%] Built target gestelt_msgs_generate_messages_py
[35m[1mScanning dependencies of target gestelt_msgs_generate_messages[0m
[100%] Built target gestelt_msgs_generate_messages
