[35m[1mScanning dependencies of target diagnostic_msgs_generate_messages_eus[0m
[35m[1mScanning dependencies of target visualization_msgs_generate_messages_py[0m
[35m[1mScanning dependencies of target geometric_controller_gencfg[0m
[  0%] Built target diagnostic_msgs_generate_messages_eus
[ 12%] [34m[1mGenerating dynamic reconfigure files from cfg/GeometricController.cfg: /home/carlson/ros/multi_cable/devel/include/geometric_controller/GeometricControllerConfig.h /home/carlson/ros/multi_cable/devel/lib/python3/dist-packages/geometric_controller/cfg/GeometricControllerConfig.py[0m
[ 12%] Built target visualization_msgs_generate_messages_py
[35m[1mScanning dependencies of target visualization_msgs_generate_messages_nodejs[0m
[35m[1mScanning dependencies of target visualization_msgs_generate_messages_lisp[0m
[ 12%] Built target visualization_msgs_generate_messages_nodejs
[ 12%] Built target visualization_msgs_generate_messages_lisp
[35m[1mScanning dependencies of target trajectory_msgs_generate_messages_nodejs[0m
[ 12%] Built target trajectory_msgs_generate_messages_nodejs
[35m[1mScanning dependencies of target trajectory_msgs_generate_messages_lisp[0m
[35m[1mScanning dependencies of target trajectory_msgs_generate_messages_cpp[0m
Generating reconfiguration files for GeometricController in geometric_controller
Wrote header file in /home/carlson/ros/multi_cable/devel/include/geometric_controller/GeometricControllerConfig.h
[ 12%] Built target trajectory_msgs_generate_messages_lisp
[ 12%] Built target trajectory_msgs_generate_messages_cpp
[35m[1mScanning dependencies of target nav_msgs_generate_messages_lisp[0m
[35m[1mScanning dependencies of target nav_msgs_generate_messages_eus[0m
[ 12%] Built target nav_msgs_generate_messages_eus
[ 12%] Built target nav_msgs_generate_messages_lisp
[35m[1mScanning dependencies of target visualization_msgs_generate_messages_eus[0m
[ 12%] Built target geometric_controller_gencfg
[ 12%] Built target visualization_msgs_generate_messages_eus
[35m[1mScanning dependencies of target nav_msgs_generate_messages_cpp[0m
[35m[1mScanning dependencies of target mavros_msgs_generate_messages_py[0m
[ 12%] Built target nav_msgs_generate_messages_cpp
[ 12%] Built target mavros_msgs_generate_messages_py
[35m[1mScanning dependencies of target mavros_msgs_generate_messages_nodejs[0m
[ 12%] Built target mavros_msgs_generate_messages_nodejs
[35m[1mScanning dependencies of target mavros_msgs_generate_messages_eus[0m
[ 12%] Built target mavros_msgs_generate_messages_eus
[35m[1mScanning dependencies of target uuid_msgs_generate_messages_py[0m
[ 12%] Built target uuid_msgs_generate_messages_py
[35m[1mScanning dependencies of target uuid_msgs_generate_messages_nodejs[0m
[ 12%] Built target uuid_msgs_generate_messages_nodejs
[35m[1mScanning dependencies of target geographic_msgs_generate_messages_py[0m
[ 12%] Built target geographic_msgs_generate_messages_py
[35m[1mScanning dependencies of target geographic_msgs_generate_messages_nodejs[0m
[ 12%] Built target geographic_msgs_generate_messages_nodejs
[35m[1mScanning dependencies of target geographic_msgs_generate_messages_eus[0m
[ 12%] Built target geographic_msgs_generate_messages_eus
[35m[1mScanning dependencies of target uuid_msgs_generate_messages_lisp[0m
[ 12%] Built target uuid_msgs_generate_messages_lisp
[35m[1mScanning dependencies of target diagnostic_msgs_generate_messages_nodejs[0m
[ 12%] Built target diagnostic_msgs_generate_messages_nodejs
[35m[1mScanning dependencies of target dynamic_reconfigure_gencfg[0m
[ 12%] Built target dynamic_reconfigure_gencfg
[35m[1mScanning dependencies of target std_msgs_generate_messages_lisp[0m
[ 12%] Built target std_msgs_generate_messages_lisp
[35m[1mScanning dependencies of target nav_msgs_generate_messages_nodejs[0m
[ 12%] Built target nav_msgs_generate_messages_nodejs
[35m[1mScanning dependencies of target diagnostic_msgs_generate_messages_py[0m
[35m[1mScanning dependencies of target sensor_msgs_generate_messages_cpp[0m
[ 12%] Built target sensor_msgs_generate_messages_cpp
[ 12%] Built target diagnostic_msgs_generate_messages_py
[35m[1mScanning dependencies of target std_msgs_generate_messages_py[0m
[35m[1mScanning dependencies of target std_msgs_generate_messages_nodejs[0m
[ 12%] Built target std_msgs_generate_messages_py
[ 12%] Built target std_msgs_generate_messages_nodejs
[35m[1mScanning dependencies of target geometry_msgs_generate_messages_eus[0m
[ 12%] Built target geometry_msgs_generate_messages_eus
[35m[1mScanning dependencies of target std_msgs_generate_messages_cpp[0m
[ 12%] Built target std_msgs_generate_messages_cpp
[35m[1mScanning dependencies of target dynamic_reconfigure_generate_messages_lisp[0m
[ 12%] Built target dynamic_reconfigure_generate_messages_lisp
[35m[1mScanning dependencies of target tf2_msgs_generate_messages_cpp[0m
[ 12%] Built target tf2_msgs_generate_messages_cpp
[35m[1mScanning dependencies of target geographic_msgs_generate_messages_cpp[0m
[ 12%] Built target geographic_msgs_generate_messages_cpp
[35m[1mScanning dependencies of target rosgraph_msgs_generate_messages_nodejs[0m
[ 12%] Built target rosgraph_msgs_generate_messages_nodejs
[35m[1mScanning dependencies of target actionlib_generate_messages_cpp[0m
[ 12%] Built target actionlib_generate_messages_cpp
[35m[1mScanning dependencies of target mavros_msgs_generate_messages_lisp[0m
[ 12%] Built target mavros_msgs_generate_messages_lisp
[35m[1mScanning dependencies of target actionlib_msgs_generate_messages_py[0m
[ 12%] Built target actionlib_msgs_generate_messages_py
[35m[1mScanning dependencies of target roscpp_generate_messages_lisp[0m
[ 12%] Built target roscpp_generate_messages_lisp
[35m[1mScanning dependencies of target actionlib_generate_messages_lisp[0m
[ 12%] Built target actionlib_generate_messages_lisp
[35m[1mScanning dependencies of target tf_generate_messages_eus[0m
[ 12%] Built target tf_generate_messages_eus
[35m[1mScanning dependencies of target rosgraph_msgs_generate_messages_lisp[0m
[ 12%] Built target rosgraph_msgs_generate_messages_lisp
[35m[1mScanning dependencies of target dynamic_reconfigure_generate_messages_py[0m
[ 12%] Built target dynamic_reconfigure_generate_messages_py
[35m[1mScanning dependencies of target actionlib_msgs_generate_messages_eus[0m
[ 12%] Built target actionlib_msgs_generate_messages_eus
[35m[1mScanning dependencies of target diagnostic_msgs_generate_messages_cpp[0m
[ 12%] Built target diagnostic_msgs_generate_messages_cpp
[35m[1mScanning dependencies of target rosgraph_msgs_generate_messages_py[0m
[ 12%] Built target rosgraph_msgs_generate_messages_py
[35m[1mScanning dependencies of target trajectory_msgs_generate_messages_eus[0m
[ 12%] Built target trajectory_msgs_generate_messages_eus
[35m[1mScanning dependencies of target roscpp_generate_messages_py[0m
[ 12%] Built target roscpp_generate_messages_py
[35m[1mScanning dependencies of target roscpp_generate_messages_cpp[0m
[ 12%] Built target roscpp_generate_messages_cpp
[35m[1mScanning dependencies of target uuid_msgs_generate_messages_eus[0m
[ 12%] Built target uuid_msgs_generate_messages_eus
[35m[1mScanning dependencies of target uuid_msgs_generate_messages_cpp[0m
[35m[1mScanning dependencies of target roscpp_generate_messages_eus[0m
[ 12%] Built target uuid_msgs_generate_messages_cpp
[ 12%] Built target roscpp_generate_messages_eus
[35m[1mScanning dependencies of target tf_generate_messages_lisp[0m
[35m[1mScanning dependencies of target nav_msgs_generate_messages_py[0m
[ 12%] Built target nav_msgs_generate_messages_py
[ 12%] Built target tf_generate_messages_lisp
[35m[1mScanning dependencies of target dynamic_reconfigure_generate_messages_cpp[0m
[35m[1mScanning dependencies of target roscpp_generate_messages_nodejs[0m
[ 12%] Built target dynamic_reconfigure_generate_messages_cpp
[ 12%] Built target roscpp_generate_messages_nodejs
[35m[1mScanning dependencies of target geographic_msgs_generate_messages_lisp[0m
[35m[1mScanning dependencies of target rosgraph_msgs_generate_messages_eus[0m
[ 12%] Built target geographic_msgs_generate_messages_lisp
[ 12%] Built target rosgraph_msgs_generate_messages_eus
[35m[1mScanning dependencies of target tf_generate_messages_cpp[0m
[ 12%] Built target tf_generate_messages_cpp
[35m[1mScanning dependencies of target geometry_msgs_generate_messages_lisp[0m
[ 12%] Built target geometry_msgs_generate_messages_lisp
[35m[1mScanning dependencies of target tf_generate_messages_nodejs[0m
[ 12%] Built target tf_generate_messages_nodejs
[35m[1mScanning dependencies of target geometry_msgs_generate_messages_cpp[0m
[ 12%] Built target geometry_msgs_generate_messages_cpp
[35m[1mScanning dependencies of target mavros_msgs_generate_messages_cpp[0m
[35m[1mScanning dependencies of target dynamic_reconfigure_generate_messages_nodejs[0m
[ 12%] Built target mavros_msgs_generate_messages_cpp
[ 12%] Built target dynamic_reconfigure_generate_messages_nodejs
[35m[1mScanning dependencies of target tf2_msgs_generate_messages_py[0m
[35m[1mScanning dependencies of target dynamic_reconfigure_generate_messages_eus[0m
[ 12%] Built target tf2_msgs_generate_messages_py
[35m[1mScanning dependencies of target geometry_msgs_generate_messages_nodejs[0m
[ 12%] Built target geometry_msgs_generate_messages_nodejs
[35m[1mScanning dependencies of target geometry_msgs_generate_messages_py[0m
[ 12%] Built target dynamic_reconfigure_generate_messages_eus
[ 12%] Built target geometry_msgs_generate_messages_py
[35m[1mScanning dependencies of target tf2_msgs_generate_messages_eus[0m
[35m[1mScanning dependencies of target sensor_msgs_generate_messages_py[0m
[ 12%] Built target tf2_msgs_generate_messages_eus
[ 12%] Built target sensor_msgs_generate_messages_py
[35m[1mScanning dependencies of target visualization_msgs_generate_messages_cpp[0m
[35m[1mScanning dependencies of target sensor_msgs_generate_messages_eus[0m
[ 12%] Built target visualization_msgs_generate_messages_cpp
[ 12%] Built target sensor_msgs_generate_messages_eus
[35m[1mScanning dependencies of target sensor_msgs_generate_messages_nodejs[0m
[35m[1mScanning dependencies of target sensor_msgs_generate_messages_lisp[0m
[ 12%] Built target sensor_msgs_generate_messages_nodejs
[ 12%] Built target sensor_msgs_generate_messages_lisp
[35m[1mScanning dependencies of target rosgraph_msgs_generate_messages_cpp[0m
[35m[1mScanning dependencies of target trajectory_msgs_generate_messages_py[0m
[35m[1mScanning dependencies of target actionlib_generate_messages_eus[0m
[ 12%] Built target rosgraph_msgs_generate_messages_cpp
[ 12%] Built target trajectory_msgs_generate_messages_py
[ 12%] Built target actionlib_generate_messages_eus
[35m[1mScanning dependencies of target actionlib_msgs_generate_messages_cpp[0m
[35m[1mScanning dependencies of target actionlib_generate_messages_nodejs[0m
[35m[1mScanning dependencies of target tf_generate_messages_py[0m
[ 12%] Built target actionlib_msgs_generate_messages_cpp
[ 12%] Built target actionlib_generate_messages_nodejs
[35m[1mScanning dependencies of target std_msgs_generate_messages_eus[0m
[ 12%] Built target tf_generate_messages_py
[ 12%] Built target std_msgs_generate_messages_eus
[35m[1mScanning dependencies of target actionlib_msgs_generate_messages_nodejs[0m
[35m[1mScanning dependencies of target actionlib_msgs_generate_messages_lisp[0m
[ 12%] Built target actionlib_msgs_generate_messages_nodejs
[ 12%] Built target actionlib_msgs_generate_messages_lisp
[35m[1mScanning dependencies of target actionlib_generate_messages_py[0m
[35m[1mScanning dependencies of target diagnostic_msgs_generate_messages_lisp[0m
[35m[1mScanning dependencies of target tf2_msgs_generate_messages_lisp[0m
[ 12%] Built target actionlib_generate_messages_py
[ 12%] Built target tf2_msgs_generate_messages_lisp
[ 12%] Built target diagnostic_msgs_generate_messages_lisp
[35m[1mScanning dependencies of target tf2_msgs_generate_messages_nodejs[0m
[ 12%] Built target tf2_msgs_generate_messages_nodejs
[35m[1mScanning dependencies of target geometric_controller[0m
[ 25%] [32mBuilding CXX object CMakeFiles/geometric_controller.dir/src/geometric_controller.cpp.o[0m
[ 37%] [32mBuilding CXX object CMakeFiles/geometric_controller.dir/src/nonlinear_attitude_control.cpp.o[0m
[ 50%] [32mBuilding CXX object CMakeFiles/geometric_controller.dir/src/nonlinear_geometric_control.cpp.o[0m
[ 62%] [32mBuilding CXX object CMakeFiles/geometric_controller.dir/src/jerk_tracking_control.cpp.o[0m
[ 75%] [32m[1mLinking CXX shared library /home/carlson/ros/multi_cable/devel/lib/libgeometric_controller.so[0m
[ 75%] Built target geometric_controller
[35m[1mScanning dependencies of target geometric_controller_node[0m
[ 87%] [32mBuilding CXX object CMakeFiles/geometric_controller_node.dir/src/geometric_controller_node.cpp.o[0m
[100%] [32m[1mLinking CXX executable /home/carlson/ros/multi_cable/devel/lib/geometric_controller/geometric_controller_node[0m
[100%] Built target geometric_controller_node
